Matplotlib created a temporary cache directory at /tmp/matplotlib-zqsyrlbg because the default path (/root/.config/matplotlib) is not a writable directory; it is highly recommended to set the MPLCONFIGDIR environment variable to a writable directory, in particular to speed up the import of Matplotlib and to better support multiprocessing.
INFO:__main__:Starting ETL Health Monitor...
INFO:__main__:Health check: degraded
Matplotlib created a temporary cache directory at /tmp/matplotlib-ibhdrtzu because the default path (/root/.config/matplotlib) is not a writable directory; it is highly recommended to set the MPLCONFIGDIR environment variable to a writable directory, in particular to speed up the import of Matplotlib and to better support multiprocessing.
INFO:__main__:Starting ETL Health Monitor...
INFO:__main__:Health check: degraded
INFO:__main__:Health check: degraded
Matplotlib created a temporary cache directory at /tmp/matplotlib-ddefu38w because the default path (/root/.config/matplotlib) is not a writable directory; it is highly recommended to set the MPLCONFIGDIR environment variable to a writable directory, in particular to speed up the import of Matplotlib and to better support multiprocessing.
INFO:__main__:Starting ETL Health Monitor...
INFO:__main__:Health check: degraded
INFO:__main__:Health check: degraded
Matplotlib created a temporary cache directory at /tmp/matplotlib-jwrigzgv because the default path (/root/.config/matplotlib) is not a writable directory; it is highly recommended to set the MPLCONFIGDIR environment variable to a writable directory, in particular to speed up the import of Matplotlib and to better support multiprocessing.
INFO:__main__:Starting ETL Health Monitor...
INFO:__main__:Health check: degraded
Matplotlib created a temporary cache directory at /tmp/matplotlib-zf247w_f because the default path (/root/.config/matplotlib) is not a writable directory; it is highly recommended to set the MPLCONFIGDIR environment variable to a writable directory, in particular to speed up the import of Matplotlib and to better support multiprocessing.
INFO:__main__:Starting ETL Health Monitor...
INFO:__main__:Health check: degraded
Matplotlib created a temporary cache directory at /tmp/matplotlib-me4ma7r7 because the default path (/root/.config/matplotlib) is not a writable directory; it is highly recommended to set the MPLCONFIGDIR environment variable to a writable directory, in particular to speed up the import of Matplotlib and to better support multiprocessing.
INFO:__main__:Starting ETL Health Monitor...
INFO:__main__:Health check: degraded
Matplotlib created a temporary cache directory at /tmp/matplotlib-dyl23124 because the default path (/root/.config/matplotlib) is not a writable directory; it is highly recommended to set the MPLCONFIGDIR environment variable to a writable directory, in particular to speed up the import of Matplotlib and to better support multiprocessing.
INFO:__main__:Starting ETL Health Monitor...
INFO:__main__:Health check: degraded
Matplotlib created a temporary cache directory at /tmp/matplotlib-o6zfw2lc because the default path (/root/.config/matplotlib) is not a writable directory; it is highly recommended to set the MPLCONFIGDIR environment variable to a writable directory, in particular to speed up the import of Matplotlib and to better support multiprocessing.
INFO:__main__:Starting ETL Health Monitor...
INFO:__main__:Health check: degraded
Matplotlib created a temporary cache directory at /tmp/matplotlib-udp8baws because the default path (/root/.config/matplotlib) is not a writable directory; it is highly recommended to set the MPLCONFIGDIR environment variable to a writable directory, in particular to speed up the import of Matplotlib and to better support multiprocessing.
INFO:__main__:Starting ETL Health Monitor...
INFO:__main__:Health check: degraded
Matplotlib created a temporary cache directory at /tmp/matplotlib-vmtitpen because the default path (/root/.config/matplotlib) is not a writable directory; it is highly recommended to set the MPLCONFIGDIR environment variable to a writable directory, in particular to speed up the import of Matplotlib and to better support multiprocessing.
INFO:__main__:Starting ETL Health Monitor...
INFO:__main__:Health check: degraded
Matplotlib created a temporary cache directory at /tmp/matplotlib-pzo7vpbi because the default path (/root/.config/matplotlib) is not a writable directory; it is highly recommended to set the MPLCONFIGDIR environment variable to a writable directory, in particular to speed up the import of Matplotlib and to better support multiprocessing.
INFO:__main__:Starting ETL Health Monitor...
INFO:__main__:Health check: degraded
Matplotlib created a temporary cache directory at /tmp/matplotlib-684ywvey because the default path (/root/.config/matplotlib) is not a writable directory; it is highly recommended to set the MPLCONFIGDIR environment variable to a writable directory, in particular to speed up the import of Matplotlib and to better support multiprocessing.
INFO:__main__:Starting ETL Health Monitor...
INFO:__main__:Health check: degraded
Matplotlib created a temporary cache directory at /tmp/matplotlib-irpyif7i because the default path (/root/.config/matplotlib) is not a writable directory; it is highly recommended to set the MPLCONFIGDIR environment variable to a writable directory, in particular to speed up the import of Matplotlib and to better support multiprocessing.
INFO:__main__:Starting ETL Health Monitor...
INFO:__main__:Health check: degraded
Matplotlib created a temporary cache directory at /tmp/matplotlib-0szxjg9z because the default path (/root/.config/matplotlib) is not a writable directory; it is highly recommended to set the MPLCONFIGDIR environment variable to a writable directory, in particular to speed up the import of Matplotlib and to better support multiprocessing.
INFO:__main__:Starting ETL Health Monitor...
INFO:__main__:Health check: degraded
Matplotlib created a temporary cache directory at /tmp/matplotlib-i67r49ub because the default path (/root/.config/matplotlib) is not a writable directory; it is highly recommended to set the MPLCONFIGDIR environment variable to a writable directory, in particular to speed up the import of Matplotlib and to better support multiprocessing.
INFO:__main__:Starting ETL Health Monitor...
INFO:__main__:Health check: degraded
Matplotlib created a temporary cache directory at /tmp/matplotlib-e8n6_jl_ because the default path (/root/.config/matplotlib) is not a writable directory; it is highly recommended to set the MPLCONFIGDIR environment variable to a writable directory, in particular to speed up the import of Matplotlib and to better support multiprocessing.
INFO:__main__:Starting ETL Health Monitor...
INFO:__main__:Health check: degraded
Matplotlib created a temporary cache directory at /tmp/matplotlib-c7mpm54s because the default path (/root/.config/matplotlib) is not a writable directory; it is highly recommended to set the MPLCONFIGDIR environment variable to a writable directory, in particular to speed up the import of Matplotlib and to better support multiprocessing.
INFO:__main__:Starting ETL Health Monitor...
INFO:__main__:Health check: degraded
Matplotlib created a temporary cache directory at /tmp/matplotlib-wn10z65i because the default path (/root/.config/matplotlib) is not a writable directory; it is highly recommended to set the MPLCONFIGDIR environment variable to a writable directory, in particular to speed up the import of Matplotlib and to better support multiprocessing.
INFO:__main__:Starting ETL Health Monitor...
INFO:__main__:Health check: degraded
INFO:__main__:Health check: degraded
INFO:__main__:Health check: degraded
INFO:__main__:Health check: degraded
Matplotlib created a temporary cache directory at /tmp/matplotlib-idpygkwu because the default path (/root/.config/matplotlib) is not a writable directory; it is highly recommended to set the MPLCONFIGDIR environment variable to a writable directory, in particular to speed up the import of Matplotlib and to better support multiprocessing.
INFO:__main__:Starting ETL Health Monitor...
INFO:__main__:Health check: degraded
Matplotlib created a temporary cache directory at /tmp/matplotlib-ghvws5an because the default path (/root/.config/matplotlib) is not a writable directory; it is highly recommended to set the MPLCONFIGDIR environment variable to a writable directory, in particular to speed up the import of Matplotlib and to better support multiprocessing.
INFO:__main__:Starting ETL Health Monitor...
INFO:__main__:Health check: degraded
INFO:__main__:Health check: degraded
INFO:__main__:Health check: degraded
Matplotlib created a temporary cache directory at /tmp/matplotlib-9dqikaue because the default path (/root/.config/matplotlib) is not a writable directory; it is highly recommended to set the MPLCONFIGDIR environment variable to a writable directory, in particular to speed up the import of Matplotlib and to better support multiprocessing.
INFO:__main__:Starting ETL Health Monitor...
INFO:__main__:Health check: degraded
INFO:__main__:Health check: degraded
INFO:__main__:Health check: degraded
Matplotlib created a temporary cache directory at /tmp/matplotlib-k4hosbzw because the default path (/root/.config/matplotlib) is not a writable directory; it is highly recommended to set the MPLCONFIGDIR environment variable to a writable directory, in particular to speed up the import of Matplotlib and to better support multiprocessing.
INFO:__main__:Starting ETL Health Monitor...
INFO:__main__:Health check: degraded
INFO:__main__:Health check: degraded
