2025-07-05 13:37:25,261 INFO Set uid to user 0 succeeded
2025-07-05 13:37:25,270 INFO supervisord started with pid 1
2025-07-05 13:37:26,273 INFO spawned: 'cron' with pid 27
2025-07-05 13:37:26,275 INFO spawned: 'etl-monitor' with pid 28
2025-07-05 13:37:27,277 INFO success: cron entered RUNNING state, process has stayed up for > than 1 seconds (startsecs)
2025-07-05 13:37:27,277 INFO success: etl-monitor entered RUNNING state, process has stayed up for > than 1 seconds (startsecs)
2025-07-05 13:41:40,147 WARN received SIGTERM indicating exit request
2025-07-05 13:41:40,147 INFO waiting for cron, etl-monitor to die
2025-07-05 13:41:40,149 WARN stopped: cron (terminated by SIGTERM)
2025-07-05 13:41:40,154 WARN stopped: etl-monitor (terminated by SIGTERM)
2025-07-05 13:42:11,350 INFO Set uid to user 0 succeeded
2025-07-05 13:42:11,354 INFO supervisord started with pid 1
2025-07-05 13:42:12,357 INFO spawned: 'cron' with pid 22
2025-07-05 13:42:12,359 INFO spawned: 'etl-monitor' with pid 23
2025-07-05 13:42:13,967 INFO success: cron entered RUNNING state, process has stayed up for > than 1 seconds (startsecs)
2025-07-05 13:42:13,967 INFO success: etl-monitor entered RUNNING state, process has stayed up for > than 1 seconds (startsecs)
2025-07-05 13:47:31,998 WARN received SIGTERM indicating exit request
2025-07-05 13:47:31,998 INFO waiting for cron, etl-monitor to die
2025-07-05 13:47:31,999 WARN stopped: cron (terminated by SIGTERM)
2025-07-05 13:47:32,004 WARN stopped: etl-monitor (terminated by SIGTERM)
2025-07-05 13:48:06,619 INFO Set uid to user 0 succeeded
2025-07-05 13:48:06,623 INFO supervisord started with pid 1
2025-07-05 13:48:07,626 INFO spawned: 'cron' with pid 22
2025-07-05 13:48:07,628 INFO spawned: 'etl-monitor' with pid 23
2025-07-05 13:48:09,280 INFO success: cron entered RUNNING state, process has stayed up for > than 1 seconds (startsecs)
2025-07-05 13:48:09,280 INFO success: etl-monitor entered RUNNING state, process has stayed up for > than 1 seconds (startsecs)
